
*** Running vivado
    with args -log design_lab_8_wrapper.vds -m64 -product Vivado -mode batch -messageDb vivado.pb -notrace -source design_lab_8_wrapper.tcl


****** Vivado v2019.2 (64-bit)
  **** SW Build 2708876 on Wed Nov  6 21:40:23 MST 2019
  **** IP Build 2700528 on Thu Nov  7 00:09:20 MST 2019
    ** Copyright 1986-2019 Xilinx, Inc. All Rights Reserved.

source design_lab_8_wrapper.tcl -notrace
create_project: Time (s): cpu = 00:00:06 ; elapsed = 00:00:07 . Memory (MB): peak = 439.250 ; gain = 149.789
INFO: [IP_Flow 19-234] Refreshing IP repositories
INFO: [IP_Flow 19-1700] Loaded user IP repository 'c:/Xilinx/Library'.
INFO: [IP_Flow 19-2313] Loaded Vivado IP repository 'C:/Xilinx/Vivado/2019.2/data/ip'.
Command: synth_design -top design_lab_8_wrapper -part xc7vx485tffg1157-1
Starting synth_design
Attempting to get a license for feature 'Synthesis' and/or device 'xc7vx485t'
INFO: [Common 17-349] Got license for feature 'Synthesis' and/or device 'xc7vx485t'
INFO: [Common 17-1540] The version limit for your license is '2020.11' and has expired for new software. A version limit expiration means that, although you may be able to continue to use the current version of tools or IP with this license, you will not be eligible for any updates or new releases.
INFO: [Device 21-403] Loading part xc7vx485tffg1157-1
INFO: Launching helper process for spawning children vivado processes
INFO: Helper process launched with PID 12608 
---------------------------------------------------------------------------------
Starting RTL Elaboration : Time (s): cpu = 00:00:09 ; elapsed = 00:00:10 . Memory (MB): peak = 1149.273 ; gain = 234.402
---------------------------------------------------------------------------------
INFO: [Synth 8-638] synthesizing module 'design_lab_8_wrapper' [C:/Users/E.D/lab_project_8/lab_project_8.srcs/sources_1/imports/hdl/design_lab_8_wrapper.vhd:24]
INFO: [Synth 8-3491] module 'design_lab_8' declared at 'C:/Users/E.D/lab_project_8/lab_project_8.srcs/sources_1/bd/design_lab_8/synth/design_lab_8.vhd:14' bound to instance 'design_lab_8_i' of component 'design_lab_8' [C:/Users/E.D/lab_project_8/lab_project_8.srcs/sources_1/imports/hdl/design_lab_8_wrapper.vhd:35]
INFO: [Synth 8-638] synthesizing module 'design_lab_8' [C:/Users/E.D/lab_project_8/lab_project_8.srcs/sources_1/bd/design_lab_8/synth/design_lab_8.vhd:28]
INFO: [Synth 8-3491] module 'design_lab_8_xup_dff_en_reset_0_0' declared at 'C:/Users/E.D/lab_project_8/lab_project_8.runs/synth_1/.Xil/Vivado-12308-DESKTOP-R729N8N/realtime/design_lab_8_xup_dff_en_reset_0_0_stub.vhdl:5' bound to instance 'DA' of component 'design_lab_8_xup_dff_en_reset_0_0' [C:/Users/E.D/lab_project_8/lab_project_8.srcs/sources_1/bd/design_lab_8/synth/design_lab_8.vhd:174]
INFO: [Synth 8-638] synthesizing module 'design_lab_8_xup_dff_en_reset_0_0' [C:/Users/E.D/lab_project_8/lab_project_8.runs/synth_1/.Xil/Vivado-12308-DESKTOP-R729N8N/realtime/design_lab_8_xup_dff_en_reset_0_0_stub.vhdl:16]
INFO: [Synth 8-3491] module 'design_lab_8_xup_dff_en_reset_0_1' declared at 'C:/Users/E.D/lab_project_8/lab_project_8.runs/synth_1/.Xil/Vivado-12308-DESKTOP-R729N8N/realtime/design_lab_8_xup_dff_en_reset_0_1_stub.vhdl:5' bound to instance 'DB' of component 'design_lab_8_xup_dff_en_reset_0_1' [C:/Users/E.D/lab_project_8/lab_project_8.srcs/sources_1/bd/design_lab_8/synth/design_lab_8.vhd:182]
INFO: [Synth 8-638] synthesizing module 'design_lab_8_xup_dff_en_reset_0_1' [C:/Users/E.D/lab_project_8/lab_project_8.runs/synth_1/.Xil/Vivado-12308-DESKTOP-R729N8N/realtime/design_lab_8_xup_dff_en_reset_0_1_stub.vhdl:16]
INFO: [Synth 8-3491] module 'design_lab_8_xup_dff_en_reset_0_2' declared at 'C:/Users/E.D/lab_project_8/lab_project_8.runs/synth_1/.Xil/Vivado-12308-DESKTOP-R729N8N/realtime/design_lab_8_xup_dff_en_reset_0_2_stub.vhdl:5' bound to instance 'DC' of component 'design_lab_8_xup_dff_en_reset_0_2' [C:/Users/E.D/lab_project_8/lab_project_8.srcs/sources_1/bd/design_lab_8/synth/design_lab_8.vhd:190]
INFO: [Synth 8-638] synthesizing module 'design_lab_8_xup_dff_en_reset_0_2' [C:/Users/E.D/lab_project_8/lab_project_8.runs/synth_1/.Xil/Vivado-12308-DESKTOP-R729N8N/realtime/design_lab_8_xup_dff_en_reset_0_2_stub.vhdl:16]
INFO: [Synth 8-3491] module 'design_lab_8_xup_and2_0_0' declared at 'C:/Users/E.D/lab_project_8/lab_project_8.runs/synth_1/.Xil/Vivado-12308-DESKTOP-R729N8N/realtime/design_lab_8_xup_and2_0_0_stub.vhdl:5' bound to instance 'xup_and2_0' of component 'design_lab_8_xup_and2_0_0' [C:/Users/E.D/lab_project_8/lab_project_8.srcs/sources_1/bd/design_lab_8/synth/design_lab_8.vhd:198]
INFO: [Synth 8-638] synthesizing module 'design_lab_8_xup_and2_0_0' [C:/Users/E.D/lab_project_8/lab_project_8.runs/synth_1/.Xil/Vivado-12308-DESKTOP-R729N8N/realtime/design_lab_8_xup_and2_0_0_stub.vhdl:14]
INFO: [Synth 8-3491] module 'design_lab_8_xup_and2_0_1' declared at 'C:/Users/E.D/lab_project_8/lab_project_8.runs/synth_1/.Xil/Vivado-12308-DESKTOP-R729N8N/realtime/design_lab_8_xup_and2_0_1_stub.vhdl:5' bound to instance 'xup_and2_1' of component 'design_lab_8_xup_and2_0_1' [C:/Users/E.D/lab_project_8/lab_project_8.srcs/sources_1/bd/design_lab_8/synth/design_lab_8.vhd:204]
INFO: [Synth 8-638] synthesizing module 'design_lab_8_xup_and2_0_1' [C:/Users/E.D/lab_project_8/lab_project_8.runs/synth_1/.Xil/Vivado-12308-DESKTOP-R729N8N/realtime/design_lab_8_xup_and2_0_1_stub.vhdl:14]
INFO: [Synth 8-3491] module 'design_lab_8_xup_and2_1_0' declared at 'C:/Users/E.D/lab_project_8/lab_project_8.runs/synth_1/.Xil/Vivado-12308-DESKTOP-R729N8N/realtime/design_lab_8_xup_and2_1_0_stub.vhdl:5' bound to instance 'xup_and2_2' of component 'design_lab_8_xup_and2_1_0' [C:/Users/E.D/lab_project_8/lab_project_8.srcs/sources_1/bd/design_lab_8/synth/design_lab_8.vhd:210]
INFO: [Synth 8-638] synthesizing module 'design_lab_8_xup_and2_1_0' [C:/Users/E.D/lab_project_8/lab_project_8.runs/synth_1/.Xil/Vivado-12308-DESKTOP-R729N8N/realtime/design_lab_8_xup_and2_1_0_stub.vhdl:14]
INFO: [Synth 8-3491] module 'design_lab_8_xup_and2_3_0' declared at 'C:/Users/E.D/lab_project_8/lab_project_8.runs/synth_1/.Xil/Vivado-12308-DESKTOP-R729N8N/realtime/design_lab_8_xup_and2_3_0_stub.vhdl:5' bound to instance 'xup_and2_3' of component 'design_lab_8_xup_and2_3_0' [C:/Users/E.D/lab_project_8/lab_project_8.srcs/sources_1/bd/design_lab_8/synth/design_lab_8.vhd:216]
INFO: [Synth 8-638] synthesizing module 'design_lab_8_xup_and2_3_0' [C:/Users/E.D/lab_project_8/lab_project_8.runs/synth_1/.Xil/Vivado-12308-DESKTOP-R729N8N/realtime/design_lab_8_xup_and2_3_0_stub.vhdl:14]
INFO: [Synth 8-3491] module 'design_lab_8_xup_and2_4_0' declared at 'C:/Users/E.D/lab_project_8/lab_project_8.runs/synth_1/.Xil/Vivado-12308-DESKTOP-R729N8N/realtime/design_lab_8_xup_and2_4_0_stub.vhdl:5' bound to instance 'xup_and2_4' of component 'design_lab_8_xup_and2_4_0' [C:/Users/E.D/lab_project_8/lab_project_8.srcs/sources_1/bd/design_lab_8/synth/design_lab_8.vhd:222]
INFO: [Synth 8-638] synthesizing module 'design_lab_8_xup_and2_4_0' [C:/Users/E.D/lab_project_8/lab_project_8.runs/synth_1/.Xil/Vivado-12308-DESKTOP-R729N8N/realtime/design_lab_8_xup_and2_4_0_stub.vhdl:14]
INFO: [Synth 8-3491] module 'design_lab_8_xup_and2_5_0' declared at 'C:/Users/E.D/lab_project_8/lab_project_8.runs/synth_1/.Xil/Vivado-12308-DESKTOP-R729N8N/realtime/design_lab_8_xup_and2_5_0_stub.vhdl:5' bound to instance 'xup_and2_5' of component 'design_lab_8_xup_and2_5_0' [C:/Users/E.D/lab_project_8/lab_project_8.srcs/sources_1/bd/design_lab_8/synth/design_lab_8.vhd:228]
INFO: [Synth 8-638] synthesizing module 'design_lab_8_xup_and2_5_0' [C:/Users/E.D/lab_project_8/lab_project_8.runs/synth_1/.Xil/Vivado-12308-DESKTOP-R729N8N/realtime/design_lab_8_xup_and2_5_0_stub.vhdl:14]
INFO: [Synth 8-3491] module 'design_lab_8_xup_and4_0_0' declared at 'C:/Users/E.D/lab_project_8/lab_project_8.runs/synth_1/.Xil/Vivado-12308-DESKTOP-R729N8N/realtime/design_lab_8_xup_and4_0_0_stub.vhdl:5' bound to instance 'xup_and4_0' of component 'design_lab_8_xup_and4_0_0' [C:/Users/E.D/lab_project_8/lab_project_8.srcs/sources_1/bd/design_lab_8/synth/design_lab_8.vhd:234]
INFO: [Synth 8-638] synthesizing module 'design_lab_8_xup_and4_0_0' [C:/Users/E.D/lab_project_8/lab_project_8.runs/synth_1/.Xil/Vivado-12308-DESKTOP-R729N8N/realtime/design_lab_8_xup_and4_0_0_stub.vhdl:16]
INFO: [Synth 8-3491] module 'design_lab_8_xup_inv_0_0' declared at 'C:/Users/E.D/lab_project_8/lab_project_8.runs/synth_1/.Xil/Vivado-12308-DESKTOP-R729N8N/realtime/design_lab_8_xup_inv_0_0_stub.vhdl:5' bound to instance 'xup_inv_0' of component 'design_lab_8_xup_inv_0_0' [C:/Users/E.D/lab_project_8/lab_project_8.srcs/sources_1/bd/design_lab_8/synth/design_lab_8.vhd:242]
INFO: [Synth 8-638] synthesizing module 'design_lab_8_xup_inv_0_0' [C:/Users/E.D/lab_project_8/lab_project_8.runs/synth_1/.Xil/Vivado-12308-DESKTOP-R729N8N/realtime/design_lab_8_xup_inv_0_0_stub.vhdl:13]
INFO: [Synth 8-3491] module 'design_lab_8_xup_inv_0_1' declared at 'C:/Users/E.D/lab_project_8/lab_project_8.runs/synth_1/.Xil/Vivado-12308-DESKTOP-R729N8N/realtime/design_lab_8_xup_inv_0_1_stub.vhdl:5' bound to instance 'xup_inv_1' of component 'design_lab_8_xup_inv_0_1' [C:/Users/E.D/lab_project_8/lab_project_8.srcs/sources_1/bd/design_lab_8/synth/design_lab_8.vhd:247]
INFO: [Synth 8-638] synthesizing module 'design_lab_8_xup_inv_0_1' [C:/Users/E.D/lab_project_8/lab_project_8.runs/synth_1/.Xil/Vivado-12308-DESKTOP-R729N8N/realtime/design_lab_8_xup_inv_0_1_stub.vhdl:13]
INFO: [Synth 8-3491] module 'design_lab_8_xup_inv_0_2' declared at 'C:/Users/E.D/lab_project_8/lab_project_8.runs/synth_1/.Xil/Vivado-12308-DESKTOP-R729N8N/realtime/design_lab_8_xup_inv_0_2_stub.vhdl:5' bound to instance 'xup_inv_2' of component 'design_lab_8_xup_inv_0_2' [C:/Users/E.D/lab_project_8/lab_project_8.srcs/sources_1/bd/design_lab_8/synth/design_lab_8.vhd:252]
INFO: [Synth 8-638] synthesizing module 'design_lab_8_xup_inv_0_2' [C:/Users/E.D/lab_project_8/lab_project_8.runs/synth_1/.Xil/Vivado-12308-DESKTOP-R729N8N/realtime/design_lab_8_xup_inv_0_2_stub.vhdl:13]
INFO: [Synth 8-3491] module 'design_lab_8_xup_inv_0_3' declared at 'C:/Users/E.D/lab_project_8/lab_project_8.runs/synth_1/.Xil/Vivado-12308-DESKTOP-R729N8N/realtime/design_lab_8_xup_inv_0_3_stub.vhdl:5' bound to instance 'xup_inv_3' of component 'design_lab_8_xup_inv_0_3' [C:/Users/E.D/lab_project_8/lab_project_8.srcs/sources_1/bd/design_lab_8/synth/design_lab_8.vhd:257]
INFO: [Synth 8-638] synthesizing module 'design_lab_8_xup_inv_0_3' [C:/Users/E.D/lab_project_8/lab_project_8.runs/synth_1/.Xil/Vivado-12308-DESKTOP-R729N8N/realtime/design_lab_8_xup_inv_0_3_stub.vhdl:13]
INFO: [Synth 8-3491] module 'design_lab_8_xup_or3_0_0' declared at 'C:/Users/E.D/lab_project_8/lab_project_8.runs/synth_1/.Xil/Vivado-12308-DESKTOP-R729N8N/realtime/design_lab_8_xup_or3_0_0_stub.vhdl:5' bound to instance 'xup_or3_0' of component 'design_lab_8_xup_or3_0_0' [C:/Users/E.D/lab_project_8/lab_project_8.srcs/sources_1/bd/design_lab_8/synth/design_lab_8.vhd:262]
INFO: [Synth 8-638] synthesizing module 'design_lab_8_xup_or3_0_0' [C:/Users/E.D/lab_project_8/lab_project_8.runs/synth_1/.Xil/Vivado-12308-DESKTOP-R729N8N/realtime/design_lab_8_xup_or3_0_0_stub.vhdl:15]
INFO: [Synth 8-3491] module 'design_lab_8_xup_or4_0_0' declared at 'C:/Users/E.D/lab_project_8/lab_project_8.runs/synth_1/.Xil/Vivado-12308-DESKTOP-R729N8N/realtime/design_lab_8_xup_or4_0_0_stub.vhdl:5' bound to instance 'xup_or4_0' of component 'design_lab_8_xup_or4_0_0' [C:/Users/E.D/lab_project_8/lab_project_8.srcs/sources_1/bd/design_lab_8/synth/design_lab_8.vhd:269]
INFO: [Synth 8-638] synthesizing module 'design_lab_8_xup_or4_0_0' [C:/Users/E.D/lab_project_8/lab_project_8.runs/synth_1/.Xil/Vivado-12308-DESKTOP-R729N8N/realtime/design_lab_8_xup_or4_0_0_stub.vhdl:16]
INFO: [Synth 8-256] done synthesizing module 'design_lab_8' (1#1) [C:/Users/E.D/lab_project_8/lab_project_8.srcs/sources_1/bd/design_lab_8/synth/design_lab_8.vhd:28]
INFO: [Synth 8-256] done synthesizing module 'design_lab_8_wrapper' (2#1) [C:/Users/E.D/lab_project_8/lab_project_8.srcs/sources_1/imports/hdl/design_lab_8_wrapper.vhd:24]
---------------------------------------------------------------------------------
Finished RTL Elaboration : Time (s): cpu = 00:00:11 ; elapsed = 00:00:12 . Memory (MB): peak = 1222.301 ; gain = 307.430
---------------------------------------------------------------------------------

Report Check Netlist: 
+------+------------------+-------+---------+-------+------------------+
|      |Item              |Errors |Warnings |Status |Description       |
+------+------------------+-------+---------+-------+------------------+
|1     |multi_driven_nets |      0|        0|Passed |Multi driven nets |
+------+------------------+-------+---------+-------+------------------+
---------------------------------------------------------------------------------
Start Handling Custom Attributes
---------------------------------------------------------------------------------
---------------------------------------------------------------------------------
Finished Handling Custom Attributes : Time (s): cpu = 00:00:13 ; elapsed = 00:00:14 . Memory (MB): peak = 1222.301 ; gain = 307.430
---------------------------------------------------------------------------------
---------------------------------------------------------------------------------
Finished RTL Optimization Phase 1 : Time (s): cpu = 00:00:13 ; elapsed = 00:00:14 . Memory (MB): peak = 1222.301 ; gain = 307.430
---------------------------------------------------------------------------------
Netlist sorting complete. Time (s): cpu = 00:00:00 ; elapsed = 00:00:00.001 . Memory (MB): peak = 1222.301 ; gain = 0.000
INFO: [Project 1-570] Preparing netlist for logic optimization

Processing XDC Constraints
Initializing timing engine
Parsing XDC File [c:/Users/E.D/lab_project_8/lab_project_8.srcs/sources_1/bd/design_lab_8/ip/design_lab_8_xup_dff_en_reset_0_0/design_lab_8_xup_dff_en_reset_0_0/design_lab_8_xup_dff_en_reset_0_2_in_context.xdc] for cell 'design_lab_8_i/DA'
Finished Parsing XDC File [c:/Users/E.D/lab_project_8/lab_project_8.srcs/sources_1/bd/design_lab_8/ip/design_lab_8_xup_dff_en_reset_0_0/design_lab_8_xup_dff_en_reset_0_0/design_lab_8_xup_dff_en_reset_0_2_in_context.xdc] for cell 'design_lab_8_i/DA'
Parsing XDC File [c:/Users/E.D/lab_project_8/lab_project_8.srcs/sources_1/bd/design_lab_8/ip/design_lab_8_xup_dff_en_reset_0_1/design_lab_8_xup_dff_en_reset_0_1/design_lab_8_xup_dff_en_reset_0_2_in_context.xdc] for cell 'design_lab_8_i/DB'
Finished Parsing XDC File [c:/Users/E.D/lab_project_8/lab_project_8.srcs/sources_1/bd/design_lab_8/ip/design_lab_8_xup_dff_en_reset_0_1/design_lab_8_xup_dff_en_reset_0_1/design_lab_8_xup_dff_en_reset_0_2_in_context.xdc] for cell 'design_lab_8_i/DB'
Parsing XDC File [c:/Users/E.D/lab_project_8/lab_project_8.srcs/sources_1/bd/design_lab_8/ip/design_lab_8_xup_dff_en_reset_0_2/design_lab_8_xup_dff_en_reset_0_2/design_lab_8_xup_dff_en_reset_0_2_in_context.xdc] for cell 'design_lab_8_i/DC'
Finished Parsing XDC File [c:/Users/E.D/lab_project_8/lab_project_8.srcs/sources_1/bd/design_lab_8/ip/design_lab_8_xup_dff_en_reset_0_2/design_lab_8_xup_dff_en_reset_0_2/design_lab_8_xup_dff_en_reset_0_2_in_context.xdc] for cell 'design_lab_8_i/DC'
Parsing XDC File [c:/Users/E.D/lab_project_8/lab_project_8.srcs/sources_1/bd/design_lab_8/ip/design_lab_8_xup_inv_0_0/design_lab_8_xup_inv_0_0/design_lab_8_xup_inv_0_0_in_context.xdc] for cell 'design_lab_8_i/xup_inv_0'
Finished Parsing XDC File [c:/Users/E.D/lab_project_8/lab_project_8.srcs/sources_1/bd/design_lab_8/ip/design_lab_8_xup_inv_0_0/design_lab_8_xup_inv_0_0/design_lab_8_xup_inv_0_0_in_context.xdc] for cell 'design_lab_8_i/xup_inv_0'
Parsing XDC File [c:/Users/E.D/lab_project_8/lab_project_8.srcs/sources_1/bd/design_lab_8/ip/design_lab_8_xup_inv_0_1/design_lab_8_xup_inv_0_1/design_lab_8_xup_inv_0_0_in_context.xdc] for cell 'design_lab_8_i/xup_inv_1'
Finished Parsing XDC File [c:/Users/E.D/lab_project_8/lab_project_8.srcs/sources_1/bd/design_lab_8/ip/design_lab_8_xup_inv_0_1/design_lab_8_xup_inv_0_1/design_lab_8_xup_inv_0_0_in_context.xdc] for cell 'design_lab_8_i/xup_inv_1'
Parsing XDC File [c:/Users/E.D/lab_project_8/lab_project_8.srcs/sources_1/bd/design_lab_8/ip/design_lab_8_xup_inv_0_2/design_lab_8_xup_inv_0_2/design_lab_8_xup_inv_0_0_in_context.xdc] for cell 'design_lab_8_i/xup_inv_2'
Finished Parsing XDC File [c:/Users/E.D/lab_project_8/lab_project_8.srcs/sources_1/bd/design_lab_8/ip/design_lab_8_xup_inv_0_2/design_lab_8_xup_inv_0_2/design_lab_8_xup_inv_0_0_in_context.xdc] for cell 'design_lab_8_i/xup_inv_2'
Parsing XDC File [c:/Users/E.D/lab_project_8/lab_project_8.srcs/sources_1/bd/design_lab_8/ip/design_lab_8_xup_inv_0_3/design_lab_8_xup_inv_0_3/design_lab_8_xup_inv_0_0_in_context.xdc] for cell 'design_lab_8_i/xup_inv_3'
Finished Parsing XDC File [c:/Users/E.D/lab_project_8/lab_project_8.srcs/sources_1/bd/design_lab_8/ip/design_lab_8_xup_inv_0_3/design_lab_8_xup_inv_0_3/design_lab_8_xup_inv_0_0_in_context.xdc] for cell 'design_lab_8_i/xup_inv_3'
Parsing XDC File [c:/Users/E.D/lab_project_8/lab_project_8.srcs/sources_1/bd/design_lab_8/ip/design_lab_8_xup_and4_0_0/design_lab_8_xup_and4_0_0/design_lab_8_xup_and4_0_0_in_context.xdc] for cell 'design_lab_8_i/xup_and4_0'
Finished Parsing XDC File [c:/Users/E.D/lab_project_8/lab_project_8.srcs/sources_1/bd/design_lab_8/ip/design_lab_8_xup_and4_0_0/design_lab_8_xup_and4_0_0/design_lab_8_xup_and4_0_0_in_context.xdc] for cell 'design_lab_8_i/xup_and4_0'
Parsing XDC File [c:/Users/E.D/lab_project_8/lab_project_8.srcs/sources_1/bd/design_lab_8/ip/design_lab_8_xup_and2_0_0/design_lab_8_xup_and2_0_0/design_lab_8_xup_and2_0_1_in_context.xdc] for cell 'design_lab_8_i/xup_and2_0'
Finished Parsing XDC File [c:/Users/E.D/lab_project_8/lab_project_8.srcs/sources_1/bd/design_lab_8/ip/design_lab_8_xup_and2_0_0/design_lab_8_xup_and2_0_0/design_lab_8_xup_and2_0_1_in_context.xdc] for cell 'design_lab_8_i/xup_and2_0'
Parsing XDC File [c:/Users/E.D/lab_project_8/lab_project_8.srcs/sources_1/bd/design_lab_8/ip/design_lab_8_xup_and2_0_1/design_lab_8_xup_and2_0_1/design_lab_8_xup_and2_0_1_in_context.xdc] for cell 'design_lab_8_i/xup_and2_1'
Finished Parsing XDC File [c:/Users/E.D/lab_project_8/lab_project_8.srcs/sources_1/bd/design_lab_8/ip/design_lab_8_xup_and2_0_1/design_lab_8_xup_and2_0_1/design_lab_8_xup_and2_0_1_in_context.xdc] for cell 'design_lab_8_i/xup_and2_1'
Parsing XDC File [c:/Users/E.D/lab_project_8/lab_project_8.srcs/sources_1/bd/design_lab_8/ip/design_lab_8_xup_or3_0_0/design_lab_8_xup_or3_0_0/design_lab_8_xup_or3_0_0_in_context.xdc] for cell 'design_lab_8_i/xup_or3_0'
Finished Parsing XDC File [c:/Users/E.D/lab_project_8/lab_project_8.srcs/sources_1/bd/design_lab_8/ip/design_lab_8_xup_or3_0_0/design_lab_8_xup_or3_0_0/design_lab_8_xup_or3_0_0_in_context.xdc] for cell 'design_lab_8_i/xup_or3_0'
Parsing XDC File [c:/Users/E.D/lab_project_8/lab_project_8.srcs/sources_1/bd/design_lab_8/ip/design_lab_8_xup_and2_1_0/design_lab_8_xup_and2_1_0/design_lab_8_xup_and2_0_1_in_context.xdc] for cell 'design_lab_8_i/xup_and2_2'
Finished Parsing XDC File [c:/Users/E.D/lab_project_8/lab_project_8.srcs/sources_1/bd/design_lab_8/ip/design_lab_8_xup_and2_1_0/design_lab_8_xup_and2_1_0/design_lab_8_xup_and2_0_1_in_context.xdc] for cell 'design_lab_8_i/xup_and2_2'
Parsing XDC File [c:/Users/E.D/lab_project_8/lab_project_8.srcs/sources_1/bd/design_lab_8/ip/design_lab_8_xup_and2_3_0/design_lab_8_xup_and2_3_0/design_lab_8_xup_and2_0_1_in_context.xdc] for cell 'design_lab_8_i/xup_and2_3'
Finished Parsing XDC File [c:/Users/E.D/lab_project_8/lab_project_8.srcs/sources_1/bd/design_lab_8/ip/design_lab_8_xup_and2_3_0/design_lab_8_xup_and2_3_0/design_lab_8_xup_and2_0_1_in_context.xdc] for cell 'design_lab_8_i/xup_and2_3'
Parsing XDC File [c:/Users/E.D/lab_project_8/lab_project_8.srcs/sources_1/bd/design_lab_8/ip/design_lab_8_xup_and2_4_0/design_lab_8_xup_and2_4_0/design_lab_8_xup_and2_0_1_in_context.xdc] for cell 'design_lab_8_i/xup_and2_4'
Finished Parsing XDC File [c:/Users/E.D/lab_project_8/lab_project_8.srcs/sources_1/bd/design_lab_8/ip/design_lab_8_xup_and2_4_0/design_lab_8_xup_and2_4_0/design_lab_8_xup_and2_0_1_in_context.xdc] for cell 'design_lab_8_i/xup_and2_4'
Parsing XDC File [c:/Users/E.D/lab_project_8/lab_project_8.srcs/sources_1/bd/design_lab_8/ip/design_lab_8_xup_or4_0_0/design_lab_8_xup_or4_0_0/design_lab_8_xup_or4_0_0_in_context.xdc] for cell 'design_lab_8_i/xup_or4_0'
Finished Parsing XDC File [c:/Users/E.D/lab_project_8/lab_project_8.srcs/sources_1/bd/design_lab_8/ip/design_lab_8_xup_or4_0_0/design_lab_8_xup_or4_0_0/design_lab_8_xup_or4_0_0_in_context.xdc] for cell 'design_lab_8_i/xup_or4_0'
Parsing XDC File [c:/Users/E.D/lab_project_8/lab_project_8.srcs/sources_1/bd/design_lab_8/ip/design_lab_8_xup_and2_5_0/design_lab_8_xup_and2_5_0/design_lab_8_xup_and2_0_1_in_context.xdc] for cell 'design_lab_8_i/xup_and2_5'
Finished Parsing XDC File [c:/Users/E.D/lab_project_8/lab_project_8.srcs/sources_1/bd/design_lab_8/ip/design_lab_8_xup_and2_5_0/design_lab_8_xup_and2_5_0/design_lab_8_xup_and2_0_1_in_context.xdc] for cell 'design_lab_8_i/xup_and2_5'
Parsing XDC File [C:/Users/E.D/lab_project_8/lab_project_8.runs/synth_1/dont_touch.xdc]
Finished Parsing XDC File [C:/Users/E.D/lab_project_8/lab_project_8.runs/synth_1/dont_touch.xdc]
Completed Processing XDC Constraints

Netlist sorting complete. Time (s): cpu = 00:00:00 ; elapsed = 00:00:00.001 . Memory (MB): peak = 1295.215 ; gain = 0.000
INFO: [Project 1-111] Unisim Transformation Summary:
No Unisim elements were transformed.

Constraint Validation Runtime : Time (s): cpu = 00:00:00 ; elapsed = 00:00:00.028 . Memory (MB): peak = 1295.215 ; gain = 0.000
---------------------------------------------------------------------------------
Finished Constraint Validation : Time (s): cpu = 00:00:28 ; elapsed = 00:00:30 . Memory (MB): peak = 1295.215 ; gain = 380.344
---------------------------------------------------------------------------------
---------------------------------------------------------------------------------
Start Loading Part and Timing Information
---------------------------------------------------------------------------------
Loading part: xc7vx485tffg1157-1
---------------------------------------------------------------------------------
Finished Loading Part and Timing Information : Time (s): cpu = 00:00:28 ; elapsed = 00:00:30 . Memory (MB): peak = 1295.215 ; gain = 380.344
---------------------------------------------------------------------------------
---------------------------------------------------------------------------------
Start Applying 'set_property' XDC Constraints
---------------------------------------------------------------------------------
Applied set_property DONT_TOUCH = true for design_lab_8_i. (constraint file  auto generated constraint, line ).
Applied set_property DONT_TOUCH = true for design_lab_8_i/DA. (constraint file  auto generated constraint, line ).
Applied set_property DONT_TOUCH = true for design_lab_8_i/DB. (constraint file  auto generated constraint, line ).
Applied set_property DONT_TOUCH = true for design_lab_8_i/DC. (constraint file  auto generated constraint, line ).
Applied set_property DONT_TOUCH = true for design_lab_8_i/xup_inv_0. (constraint file  auto generated constraint, line ).
Applied set_property DONT_TOUCH = true for design_lab_8_i/xup_inv_1. (constraint file  auto generated constraint, line ).
Applied set_property DONT_TOUCH = true for design_lab_8_i/xup_inv_2. (constraint file  auto generated constraint, line ).
Applied set_property DONT_TOUCH = true for design_lab_8_i/xup_inv_3. (constraint file  auto generated constraint, line ).
Applied set_property DONT_TOUCH = true for design_lab_8_i/xup_and4_0. (constraint file  auto generated constraint, line ).
Applied set_property DONT_TOUCH = true for design_lab_8_i/xup_and2_0. (constraint file  auto generated constraint, line ).
Applied set_property DONT_TOUCH = true for design_lab_8_i/xup_and2_1. (constraint file  auto generated constraint, line ).
Applied set_property DONT_TOUCH = true for design_lab_8_i/xup_or3_0. (constraint file  auto generated constraint, line ).
Applied set_property DONT_TOUCH = true for design_lab_8_i/xup_and2_2. (constraint file  auto generated constraint, line ).
Applied set_property DONT_TOUCH = true for design_lab_8_i/xup_and2_3. (constraint file  auto generated constraint, line ).
Applied set_property DONT_TOUCH = true for design_lab_8_i/xup_and2_4. (constraint file  auto generated constraint, line ).
Applied set_property DONT_TOUCH = true for design_lab_8_i/xup_or4_0. (constraint file  auto generated constraint, line ).
Applied set_property DONT_TOUCH = true for design_lab_8_i/xup_and2_5. (constraint file  auto generated constraint, line ).
---------------------------------------------------------------------------------
Finished applying 'set_property' XDC Constraints : Time (s): cpu = 00:00:28 ; elapsed = 00:00:30 . Memory (MB): peak = 1295.215 ; gain = 380.344
---------------------------------------------------------------------------------
---------------------------------------------------------------------------------
Finished RTL Optimization Phase 2 : Time (s): cpu = 00:00:28 ; elapsed = 00:00:30 . Memory (MB): peak = 1295.215 ; gain = 380.344
---------------------------------------------------------------------------------

Report RTL Partitions: 
+-+--------------+------------+----------+
| |RTL Partition |Replication |Instances |
+-+--------------+------------+----------+
+-+--------------+------------+----------+
---------------------------------------------------------------------------------
Start RTL Component Statistics 
---------------------------------------------------------------------------------
Detailed RTL Component Info : 
---------------------------------------------------------------------------------
Finished RTL Component Statistics 
---------------------------------------------------------------------------------
---------------------------------------------------------------------------------
Start RTL Hierarchical Component Statistics 
---------------------------------------------------------------------------------
Hierarchical RTL Component report 
---------------------------------------------------------------------------------
Finished RTL Hierarchical Component Statistics
---------------------------------------------------------------------------------
---------------------------------------------------------------------------------
Start Part Resource Summary
---------------------------------------------------------------------------------
Part Resources:
DSPs: 2800 (col length:140)
BRAMs: 2060 (col length: RAMB18 140 RAMB36 70)
---------------------------------------------------------------------------------
Finished Part Resource Summary
---------------------------------------------------------------------------------
---------------------------------------------------------------------------------
Start Cross Boundary and Area Optimization
---------------------------------------------------------------------------------
Warning: Parallel synthesis criteria is not met 
---------------------------------------------------------------------------------
Finished Cross Boundary and Area Optimization : Time (s): cpu = 00:00:32 ; elapsed = 00:00:34 . Memory (MB): peak = 1295.215 ; gain = 380.344
---------------------------------------------------------------------------------

Report RTL Partitions: 
+-+--------------+------------+----------+
| |RTL Partition |Replication |Instances |
+-+--------------+------------+----------+
+-+--------------+------------+----------+
---------------------------------------------------------------------------------
Start Applying XDC Timing Constraints
---------------------------------------------------------------------------------
---------------------------------------------------------------------------------
Finished Applying XDC Timing Constraints : Time (s): cpu = 00:00:47 ; elapsed = 00:00:49 . Memory (MB): peak = 1295.215 ; gain = 380.344
---------------------------------------------------------------------------------
---------------------------------------------------------------------------------
Start Timing Optimization
---------------------------------------------------------------------------------
---------------------------------------------------------------------------------
Finished Timing Optimization : Time (s): cpu = 00:00:47 ; elapsed = 00:00:49 . Memory (MB): peak = 1295.215 ; gain = 380.344
---------------------------------------------------------------------------------

Report RTL Partitions: 
+-+--------------+------------+----------+
| |RTL Partition |Replication |Instances |
+-+--------------+------------+----------+
+-+--------------+------------+----------+
---------------------------------------------------------------------------------
Start Technology Mapping
---------------------------------------------------------------------------------
---------------------------------------------------------------------------------
Finished Technology Mapping : Time (s): cpu = 00:00:47 ; elapsed = 00:00:49 . Memory (MB): peak = 1295.215 ; gain = 380.344
---------------------------------------------------------------------------------

Report RTL Partitions: 
+-+--------------+------------+----------+
| |RTL Partition |Replication |Instances |
+-+--------------+------------+----------+
+-+--------------+------------+----------+
---------------------------------------------------------------------------------
Start IO Insertion
---------------------------------------------------------------------------------
---------------------------------------------------------------------------------
Start Flattening Before IO Insertion
---------------------------------------------------------------------------------
---------------------------------------------------------------------------------
Finished Flattening Before IO Insertion
---------------------------------------------------------------------------------
---------------------------------------------------------------------------------
Start Final Netlist Cleanup
---------------------------------------------------------------------------------
---------------------------------------------------------------------------------
Finished Final Netlist Cleanup
---------------------------------------------------------------------------------
---------------------------------------------------------------------------------
Finished IO Insertion : Time (s): cpu = 00:00:56 ; elapsed = 00:00:58 . Memory (MB): peak = 1302.770 ; gain = 387.898
---------------------------------------------------------------------------------
---------------------------------------------------------------------------------
Start Renaming Generated Instances
---------------------------------------------------------------------------------
---------------------------------------------------------------------------------
Finished Renaming Generated Instances : Time (s): cpu = 00:00:56 ; elapsed = 00:00:58 . Memory (MB): peak = 1302.770 ; gain = 387.898
---------------------------------------------------------------------------------

Report RTL Partitions: 
+-+--------------+------------+----------+
| |RTL Partition |Replication |Instances |
+-+--------------+------------+----------+
+-+--------------+------------+----------+

Report Check Netlist: 
+------+------------------+-------+---------+-------+------------------+
|      |Item              |Errors |Warnings |Status |Description       |
+------+------------------+-------+---------+-------+------------------+
|1     |multi_driven_nets |      0|        0|Passed |Multi driven nets |
+------+------------------+-------+---------+-------+------------------+
---------------------------------------------------------------------------------
Start Rebuilding User Hierarchy
---------------------------------------------------------------------------------
---------------------------------------------------------------------------------
Finished Rebuilding User Hierarchy : Time (s): cpu = 00:00:56 ; elapsed = 00:00:58 . Memory (MB): peak = 1302.770 ; gain = 387.898
---------------------------------------------------------------------------------
---------------------------------------------------------------------------------
Start Renaming Generated Ports
---------------------------------------------------------------------------------
---------------------------------------------------------------------------------
Finished Renaming Generated Ports : Time (s): cpu = 00:00:56 ; elapsed = 00:00:58 . Memory (MB): peak = 1302.770 ; gain = 387.898
---------------------------------------------------------------------------------
---------------------------------------------------------------------------------
Start Handling Custom Attributes
---------------------------------------------------------------------------------
---------------------------------------------------------------------------------
Finished Handling Custom Attributes : Time (s): cpu = 00:00:56 ; elapsed = 00:00:58 . Memory (MB): peak = 1302.770 ; gain = 387.898
---------------------------------------------------------------------------------
---------------------------------------------------------------------------------
Start Renaming Generated Nets
---------------------------------------------------------------------------------
---------------------------------------------------------------------------------
Finished Renaming Generated Nets : Time (s): cpu = 00:00:56 ; elapsed = 00:00:58 . Memory (MB): peak = 1302.770 ; gain = 387.898
---------------------------------------------------------------------------------
---------------------------------------------------------------------------------
Start Writing Synthesis Report
---------------------------------------------------------------------------------

Report BlackBoxes: 
+------+----------------------------------+----------+
|      |BlackBox name                     |Instances |
+------+----------------------------------+----------+
|1     |design_lab_8_xup_dff_en_reset_0_0 |         1|
|2     |design_lab_8_xup_dff_en_reset_0_1 |         1|
|3     |design_lab_8_xup_dff_en_reset_0_2 |         1|
|4     |design_lab_8_xup_and2_0_0         |         1|
|5     |design_lab_8_xup_and2_0_1         |         1|
|6     |design_lab_8_xup_and2_1_0         |         1|
|7     |design_lab_8_xup_and2_3_0         |         1|
|8     |design_lab_8_xup_and2_4_0         |         1|
|9     |design_lab_8_xup_and2_5_0         |         1|
|10    |design_lab_8_xup_and4_0_0         |         1|
|11    |design_lab_8_xup_inv_0_0          |         1|
|12    |design_lab_8_xup_inv_0_1          |         1|
|13    |design_lab_8_xup_inv_0_2          |         1|
|14    |design_lab_8_xup_inv_0_3          |         1|
|15    |design_lab_8_xup_or3_0_0          |         1|
|16    |design_lab_8_xup_or4_0_0          |         1|
+------+----------------------------------+----------+

Report Cell Usage: 
+------+-----------------------------------------+------+
|      |Cell                                     |Count |
+------+-----------------------------------------+------+
|1     |design_lab_8_xup_and2_0_0_bbox_3         |     1|
|2     |design_lab_8_xup_and2_0_1_bbox_4         |     1|
|3     |design_lab_8_xup_and2_1_0_bbox_5         |     1|
|4     |design_lab_8_xup_and2_3_0_bbox_6         |     1|
|5     |design_lab_8_xup_and2_4_0_bbox_7         |     1|
|6     |design_lab_8_xup_and2_5_0_bbox_8         |     1|
|7     |design_lab_8_xup_and4_0_0_bbox_9         |     1|
|8     |design_lab_8_xup_dff_en_reset_0_0_bbox_0 |     1|
|9     |design_lab_8_xup_dff_en_reset_0_1_bbox_1 |     1|
|10    |design_lab_8_xup_dff_en_reset_0_2_bbox_2 |     1|
|11    |design_lab_8_xup_inv_0_0_bbox_10         |     1|
|12    |design_lab_8_xup_inv_0_1_bbox_11         |     1|
|13    |design_lab_8_xup_inv_0_2_bbox_12         |     1|
|14    |design_lab_8_xup_inv_0_3_bbox_13         |     1|
|15    |design_lab_8_xup_or3_0_0_bbox_14         |     1|
|16    |design_lab_8_xup_or4_0_0_bbox_15         |     1|
|17    |IBUF                                     |     4|
|18    |OBUF                                     |     1|
+------+-----------------------------------------+------+

Report Instance Areas: 
+------+-----------------+-------------+------+
|      |Instance         |Module       |Cells |
+------+-----------------+-------------+------+
|1     |top              |             |    21|
|2     |  design_lab_8_i |design_lab_8 |    16|
+------+-----------------+-------------+------+
---------------------------------------------------------------------------------
Finished Writing Synthesis Report : Time (s): cpu = 00:00:56 ; elapsed = 00:00:58 . Memory (MB): peak = 1302.770 ; gain = 387.898
---------------------------------------------------------------------------------
Synthesis finished with 0 errors, 0 critical warnings and 0 warnings.
Synthesis Optimization Runtime : Time (s): cpu = 00:00:36 ; elapsed = 00:00:50 . Memory (MB): peak = 1302.770 ; gain = 314.984
Synthesis Optimization Complete : Time (s): cpu = 00:00:56 ; elapsed = 00:00:58 . Memory (MB): peak = 1302.770 ; gain = 387.898
INFO: [Project 1-571] Translating synthesized netlist
Netlist sorting complete. Time (s): cpu = 00:00:00 ; elapsed = 00:00:00 . Memory (MB): peak = 1314.828 ; gain = 0.000
INFO: [Project 1-570] Preparing netlist for logic optimization
INFO: [Opt 31-138] Pushed 0 inverter(s) to 0 load pin(s).
Netlist sorting complete. Time (s): cpu = 00:00:00 ; elapsed = 00:00:00.001 . Memory (MB): peak = 1328.801 ; gain = 0.000
INFO: [Project 1-111] Unisim Transformation Summary:
No Unisim elements were transformed.

INFO: [Common 17-83] Releasing license: Synthesis
50 Infos, 0 Warnings, 0 Critical Warnings and 0 Errors encountered.
synth_design completed successfully
synth_design: Time (s): cpu = 00:01:16 ; elapsed = 00:01:20 . Memory (MB): peak = 1328.801 ; gain = 856.352
Netlist sorting complete. Time (s): cpu = 00:00:00 ; elapsed = 00:00:00 . Memory (MB): peak = 1328.801 ; gain = 0.000
WARNING: [Constraints 18-5210] No constraints selected for write.
Resolution: This message can indicate that there are no constraints for the design, or it can indicate that the used_in flags are set such that the constraints are ignored. This later case is used when running synth_design to not write synthesis constraints to the resulting checkpoint. Instead, project constraints are read when the synthesized design is opened.
INFO: [Common 17-1381] The checkpoint 'C:/Users/E.D/lab_project_8/lab_project_8.runs/synth_1/design_lab_8_wrapper.dcp' has been generated.
INFO: [runtcl-4] Executing : report_utilization -file design_lab_8_wrapper_utilization_synth.rpt -pb design_lab_8_wrapper_utilization_synth.pb
INFO: [Common 17-206] Exiting Vivado at Sun Jan  3 23:15:01 2021...
